\BOOKMARK [1][-]{section.1}{\376\377\000T\000O\000D\000O\000s}{}% 1
\BOOKMARK [1][-]{section.2}{\376\377\000I\000d\000e\000e}{}% 2
\BOOKMARK [1][-]{section.3}{\376\377\000G\000a\000m\000e\000p\000l\000a\000y}{}% 3
\BOOKMARK [2][-]{subsection.3.1}{\376\377\000C\000o\000r\000e\000\040\000G\000a\000m\000e\000\040\000L\000o\000o\000p}{section.3}% 4
\BOOKMARK [2][-]{subsection.3.2}{\376\377\000S\000t\000e\000u\000e\000r\000u\000n\000g}{section.3}% 5
\BOOKMARK [3][-]{subsubsection.3.2.1}{\376\377\000A\000l\000l\000g\000e\000m\000e\000i\000n\000e\000\040\000S\000t\000e\000u\000e\000r\000u\000n\000g}{subsection.3.2}% 6
\BOOKMARK [3][-]{subsubsection.3.2.2}{\376\377\000K\000a\000r\000t\000e\000n\000s\000t\000e\000u\000e\000r\000u\000n\000g}{subsection.3.2}% 7
\BOOKMARK [3][-]{subsubsection.3.2.3}{\376\377\000P\000C\000\040\000S\000t\000e\000u\000e\000r\000u\000n\000g}{subsection.3.2}% 8
\BOOKMARK [2][-]{subsection.3.3}{\376\377\000D\000e\000r\000\040\000S\000p\000i\000e\000l\000e\000r}{section.3}% 9
\BOOKMARK [3][-]{subsubsection.3.3.1}{\376\377\000D\000e\000r\000\040\000M\000i\000t\000s\000p\000i\000e\000l\000e\000r}{subsection.3.3}% 10
\BOOKMARK [1][-]{section.4}{\376\377\000E\000n\000t\000w\000i\000c\000k\000l\000u\000n\000g\000s\000p\000h\000a\000s\000e\000n}{}% 11
\BOOKMARK [2][-]{subsection.4.1}{\376\377\000P\000l\000a\000n\000u\000n\000g\000s\000p\000h\000a\000s\000e}{section.4}% 12
\BOOKMARK [2][-]{subsection.4.2}{\376\377\000E\000i\000n\000a\000r\000b\000e\000i\000t\000u\000n\000g}{section.4}% 13
\BOOKMARK [2][-]{subsection.4.3}{\376\377\000B\000a\000s\000i\000c\000\040\000C\000h\000a\000r\000a\000c\000t\000e\000r}{section.4}% 14
\BOOKMARK [2][-]{subsection.4.4}{\376\377\000P\000e\000r\000s\000i\000s\000t\000i\000e\000r\000u\000n\000g\000\040\000u\000n\000d\000\040\000I\000m\000p\000o\000r\000t\000i\000e\000r\000u\000n\000g}{section.4}% 15
\BOOKMARK [2][-]{subsection.4.5}{\376\377\000D\000e\000r\000\040\000M\000i\000t\000s\000p\000i\000e\000l\000e\000r}{section.4}% 16
\BOOKMARK [2][-]{subsection.4.6}{\376\377\000D\000e\000r\000\040\000S\000p\000i\000e\000l\000l\000e\000i\000t\000e\000r}{section.4}% 17
\BOOKMARK [2][-]{subsection.4.7}{\376\377\000D\000i\000e\000\040\000G\000e\000f\000\344\000h\000r\000t\000e\000n}{section.4}% 18
\BOOKMARK [2][-]{subsection.4.8}{\376\377\000E\000i\000n\000\040\000H\000e\000l\000d\000\040\000k\000o\000m\000m\000t\000\040\000s\000e\000l\000t\000e\000n\000\040\000a\000l\000l\000e\000i\000n}{section.4}% 19
\BOOKMARK [2][-]{subsection.4.9}{\376\377\000W\000e\000l\000t\000e\000n\000b\000u\000m\000m\000l\000e\000r}{section.4}% 20
\BOOKMARK [1][-]{section.5}{\376\377\000S\000y\000s\000t\000e\000m\000s}{}% 21
\BOOKMARK [1][-]{section.6}{\376\377\000U\000I\000\040\000u\000n\000d\000\040\000H\000U\000D}{}% 22
\BOOKMARK [1][-]{section.7}{\376\377\000G\000r\000a\000p\000h\000i\000c\000s\000/\000V\000i\000s\000u\000a\000l\000s}{}% 23
\BOOKMARK [1][-]{section.8}{\376\377\000S\000o\000u\000n\000d\000e\000f\000f\000e\000c\000t\000s}{}% 24
