This is pdfTeX, Version 3.141592653-2.6-1.40.25 (MiKTeX 24.1) (preloaded format=pdflatex 2024.2.28)  15 MAR 2025 21:44
entering extended mode
 restricted \write18 enabled.
 file:line:error style messages enabled.
 %&-line parsing enabled.
**./PenAndPapAR.tex
(PenAndPapAR.tex
LaTeX2e <2023-11-01> patch level 1
L3 programming layer <2024-02-13>
(C:\Users\maddi\AppData\Local\Programs\MiKTeX\tex/latex/base\article.cls
Document Class: article 2023/05/17 v1.4n Standard LaTeX document class
(C:\Users\maddi\AppData\Local\Programs\MiKTeX\tex/latex/base\size11.clo
File: size11.clo 2023/05/17 v1.4n Standard LaTeX file (size option)
)
\c@part=\count188
\c@section=\count189
\c@subsection=\count190
\c@subsubsection=\count191
\c@paragraph=\count192
\c@subparagraph=\count193
\c@figure=\count194
\c@table=\count195
\abovecaptionskip=\skip48
\belowcaptionskip=\skip49
\bibindent=\dimen140
)
(C:\Users\maddi\AppData\Local\Programs\MiKTeX\tex/latex/amsmath\amsmath.sty
Package: amsmath 2023/05/13 v2.17o AMS math features
\@mathmargin=\skip50

For additional information on amsmath, use the `?' option.
(C:\Users\maddi\AppData\Local\Programs\MiKTeX\tex/latex/amsmath\amstext.sty
Package: amstext 2021/08/26 v2.01 AMS text

(C:\Users\maddi\AppData\Local\Programs\MiKTeX\tex/latex/amsmath\amsgen.sty
File: amsgen.sty 1999/11/30 v2.0 generic functions
\@emptytoks=\toks17
\ex@=\dimen141
))
(C:\Users\maddi\AppData\Local\Programs\MiKTeX\tex/latex/amsmath\amsbsy.sty
Package: amsbsy 1999/11/29 v1.2d Bold Symbols
\pmbraise@=\dimen142
)
(C:\Users\maddi\AppData\Local\Programs\MiKTeX\tex/latex/amsmath\amsopn.sty
Package: amsopn 2022/04/08 v2.04 operator names
)
\inf@bad=\count196
LaTeX Info: Redefining \frac on input line 234.
\uproot@=\count197
\leftroot@=\count198
LaTeX Info: Redefining \overline on input line 399.
LaTeX Info: Redefining \colon on input line 410.
\classnum@=\count199
\DOTSCASE@=\count266
LaTeX Info: Redefining \ldots on input line 496.
LaTeX Info: Redefining \dots on input line 499.
LaTeX Info: Redefining \cdots on input line 620.
\Mathstrutbox@=\box51
\strutbox@=\box52
LaTeX Info: Redefining \big on input line 722.
LaTeX Info: Redefining \Big on input line 723.
LaTeX Info: Redefining \bigg on input line 724.
LaTeX Info: Redefining \Bigg on input line 725.
\big@size=\dimen143
LaTeX Font Info:    Redeclaring font encoding OML on input line 743.
LaTeX Font Info:    Redeclaring font encoding OMS on input line 744.
\macc@depth=\count267
LaTeX Info: Redefining \bmod on input line 905.
LaTeX Info: Redefining \pmod on input line 910.
LaTeX Info: Redefining \smash on input line 940.
LaTeX Info: Redefining \relbar on input line 970.
LaTeX Info: Redefining \Relbar on input line 971.
\c@MaxMatrixCols=\count268
\dotsspace@=\muskip16
\c@parentequation=\count269
\dspbrk@lvl=\count270
\tag@help=\toks18
\row@=\count271
\column@=\count272
\maxfields@=\count273
\andhelp@=\toks19
\eqnshift@=\dimen144
\alignsep@=\dimen145
\tagshift@=\dimen146
\tagwidth@=\dimen147
\totwidth@=\dimen148
\lineht@=\dimen149
\@envbody=\toks20
\multlinegap=\skip51
\multlinetaggap=\skip52
\mathdisplay@stack=\toks21
LaTeX Info: Redefining \[ on input line 2953.
LaTeX Info: Redefining \] on input line 2954.
)
(C:\Users\maddi\AppData\Local\Programs\MiKTeX\tex/latex/titling\titling.sty
Package: titling 2009/09/04 v2.1d maketitle typesetting
\thanksmarkwidth=\skip53
\thanksmargin=\skip54
\droptitle=\skip55
)
(C:\Users\maddi\AppData\Local\Programs\MiKTeX\tex/latex/graphics\graphicx.sty
Package: graphicx 2021/09/16 v1.2d Enhanced LaTeX Graphics (DPC,SPQR)

(C:\Users\maddi\AppData\Local\Programs\MiKTeX\tex/latex/graphics\keyval.sty
Package: keyval 2022/05/29 v1.15 key=value parser (DPC)
\KV@toks@=\toks22
)
(C:\Users\maddi\AppData\Local\Programs\MiKTeX\tex/latex/graphics\graphics.sty
Package: graphics 2022/03/10 v1.4e Standard LaTeX Graphics (DPC,SPQR)

(C:\Users\maddi\AppData\Local\Programs\MiKTeX\tex/latex/graphics\trig.sty
Package: trig 2021/08/11 v1.11 sin cos tan (DPC)
)
(C:\Users\maddi\AppData\Local\Programs\MiKTeX\tex/latex/graphics-cfg\graphics.c
fg
File: graphics.cfg 2016/06/04 v1.11 sample graphics configuration
)
Package graphics Info: Driver file: pdftex.def on input line 107.

(C:\Users\maddi\AppData\Local\Programs\MiKTeX\tex/latex/graphics-def\pdftex.def
File: pdftex.def 2022/09/22 v1.2b Graphics/color driver for pdftex
))
\Gin@req@height=\dimen150
\Gin@req@width=\dimen151
)
(C:\Users\maddi\AppData\Local\Programs\MiKTeX\tex/latex/hyperref\hyperref.sty
Package: hyperref 2024-01-20 v7.01h Hypertext links for LaTeX

(C:\Users\maddi\AppData\Local\Programs\MiKTeX\tex/generic/iftex\iftex.sty
Package: iftex 2022/02/03 v1.0f TeX engine tests
)
(C:\Users\maddi\AppData\Local\Programs\MiKTeX\tex/latex/kvsetkeys\kvsetkeys.sty
Package: kvsetkeys 2022-10-05 v1.19 Key value parser (HO)
)
(C:\Users\maddi\AppData\Local\Programs\MiKTeX\tex/generic/kvdefinekeys\kvdefine
keys.sty
Package: kvdefinekeys 2019-12-19 v1.6 Define keys (HO)
)
(C:\Users\maddi\AppData\Local\Programs\MiKTeX\tex/generic/pdfescape\pdfescape.s
ty
Package: pdfescape 2019/12/09 v1.15 Implements pdfTeX's escape features (HO)

(C:\Users\maddi\AppData\Local\Programs\MiKTeX\tex/generic/ltxcmds\ltxcmds.sty
Package: ltxcmds 2023-12-04 v1.26 LaTeX kernel commands for general use (HO)
)
(C:\Users\maddi\AppData\Local\Programs\MiKTeX\tex/generic/pdftexcmds\pdftexcmds
.sty
Package: pdftexcmds 2020-06-27 v0.33 Utility functions of pdfTeX for LuaTeX (HO
)

(C:\Users\maddi\AppData\Local\Programs\MiKTeX\tex/generic/infwarerr\infwarerr.s
ty
Package: infwarerr 2019/12/03 v1.5 Providing info/warning/error messages (HO)
)
Package pdftexcmds Info: \pdf@primitive is available.
Package pdftexcmds Info: \pdf@ifprimitive is available.
Package pdftexcmds Info: \pdfdraftmode found.
))
(C:\Users\maddi\AppData\Local\Programs\MiKTeX\tex/latex/hycolor\hycolor.sty
Package: hycolor 2020-01-27 v1.10 Color options for hyperref/bookmark (HO)
)
(C:\Users\maddi\AppData\Local\Programs\MiKTeX\tex/latex/auxhook\auxhook.sty
Package: auxhook 2019-12-17 v1.6 Hooks for auxiliary files (HO)
)
(C:\Users\maddi\AppData\Local\Programs\MiKTeX\tex/latex/hyperref\nameref.sty
Package: nameref 2023-11-26 v2.56 Cross-referencing by name of section

(C:\Users\maddi\AppData\Local\Programs\MiKTeX\tex/latex/refcount\refcount.sty
Package: refcount 2019/12/15 v3.6 Data extraction from label references (HO)
)
(C:\Users\maddi\AppData\Local\Programs\MiKTeX\tex/generic/gettitlestring\gettit
lestring.sty
Package: gettitlestring 2019/12/15 v1.6 Cleanup title references (HO)

(C:\Users\maddi\AppData\Local\Programs\MiKTeX\tex/latex/kvoptions\kvoptions.sty
Package: kvoptions 2022-06-15 v3.15 Key value format for package options (HO)
))
\c@section@level=\count274
)
(C:\Users\maddi\AppData\Local\Programs\MiKTeX\tex/latex/etoolbox\etoolbox.sty
Package: etoolbox 2020/10/05 v2.5k e-TeX tools for LaTeX (JAW)
\etb@tempcnta=\count275
)
\@linkdim=\dimen152
\Hy@linkcounter=\count276
\Hy@pagecounter=\count277

(C:\Users\maddi\AppData\Local\Programs\MiKTeX\tex/latex/hyperref\pd1enc.def
File: pd1enc.def 2024-01-20 v7.01h Hyperref: PDFDocEncoding definition (HO)
Now handling font encoding PD1 ...
... no UTF-8 mapping file for font encoding PD1
)
(C:\Users\maddi\AppData\Local\Programs\MiKTeX\tex/generic/intcalc\intcalc.sty
Package: intcalc 2019/12/15 v1.3 Expandable calculations with integers (HO)
)
\Hy@SavedSpaceFactor=\count278

(C:\Users\maddi\AppData\Local\Programs\MiKTeX\tex/latex/hyperref\puenc.def
File: puenc.def 2024-01-20 v7.01h Hyperref: PDF Unicode definition (HO)
Now handling font encoding PU ...
... no UTF-8 mapping file for font encoding PU
)
Package hyperref Info: Hyper figures OFF on input line 4179.
Package hyperref Info: Link nesting OFF on input line 4184.
Package hyperref Info: Hyper index ON on input line 4187.
Package hyperref Info: Plain pages OFF on input line 4194.
Package hyperref Info: Backreferencing OFF on input line 4199.
Package hyperref Info: Implicit mode ON; LaTeX internals redefined.
Package hyperref Info: Bookmarks ON on input line 4446.
\c@Hy@tempcnt=\count279

(C:\Users\maddi\AppData\Local\Programs\MiKTeX\tex/latex/url\url.sty
\Urlmuskip=\muskip17
Package: url 2013/09/16  ver 3.4  Verb mode for urls, etc.
)
LaTeX Info: Redefining \url on input line 4784.
\XeTeXLinkMargin=\dimen153

(C:\Users\maddi\AppData\Local\Programs\MiKTeX\tex/generic/bitset\bitset.sty
Package: bitset 2019/12/09 v1.3 Handle bit-vector datatype (HO)

(C:\Users\maddi\AppData\Local\Programs\MiKTeX\tex/generic/bigintcalc\bigintcalc
.sty
Package: bigintcalc 2019/12/15 v1.5 Expandable calculations on big integers (HO
)
))
\Fld@menulength=\count280
\Field@Width=\dimen154
\Fld@charsize=\dimen155
Package hyperref Info: Hyper figures OFF on input line 6063.
Package hyperref Info: Link nesting OFF on input line 6068.
Package hyperref Info: Hyper index ON on input line 6071.
Package hyperref Info: backreferencing OFF on input line 6078.
Package hyperref Info: Link coloring OFF on input line 6083.
Package hyperref Info: Link coloring with OCG OFF on input line 6088.
Package hyperref Info: PDF/A mode OFF on input line 6093.

(C:\Users\maddi\AppData\Local\Programs\MiKTeX\tex/latex/base\atbegshi-ltx.sty
Package: atbegshi-ltx 2021/01/10 v1.0c Emulation of the original atbegshi
package with kernel methods
)
\Hy@abspage=\count281
\c@Item=\count282
\c@Hfootnote=\count283
)
Package hyperref Info: Driver (autodetected): hpdftex.
(C:\Users\maddi\AppData\Local\Programs\MiKTeX\tex/latex/hyperref\hpdftex.def
File: hpdftex.def 2024-01-20 v7.01h Hyperref driver for pdfTeX

(C:\Users\maddi\AppData\Local\Programs\MiKTeX\tex/latex/base\atveryend-ltx.sty
Package: atveryend-ltx 2020/08/19 v1.0a Emulation of the original atveryend pac
kage
with kernel methods
)
\Fld@listcount=\count284
\c@bookmark@seq@number=\count285

(C:\Users\maddi\AppData\Local\Programs\MiKTeX\tex/latex/rerunfilecheck\rerunfil
echeck.sty
Package: rerunfilecheck 2022-07-10 v1.10 Rerun checks for auxiliary files (HO)

(C:\Users\maddi\AppData\Local\Programs\MiKTeX\tex/generic/uniquecounter\uniquec
ounter.sty
Package: uniquecounter 2019/12/15 v1.4 Provide unlimited unique counter (HO)
)
Package uniquecounter Info: New unique counter `rerunfilecheck' on input line 2
85.
)
\Hy@SectionHShift=\skip56
)
(C:\Users\maddi\AppData\Local\Programs\MiKTeX\tex/latex/listings\lstdoc.sty
Package: lstdoc 2023/02/27 1.9 (Carsten Heinz)

(C:\Users\maddi\AppData\Local\Programs\MiKTeX\tex/latex/listings\listings.sty
\lst@mode=\count286
\lst@gtempboxa=\box53
\lst@token=\toks23
\lst@length=\count287
\lst@currlwidth=\dimen156
\lst@column=\count288
\lst@pos=\count289
\lst@lostspace=\dimen157
\lst@width=\dimen158
\lst@newlines=\count290
\lst@lineno=\count291
\lst@maxwidth=\dimen159

(C:\Users\maddi\AppData\Local\Programs\MiKTeX\tex/latex/listings\lstmisc.sty
File: lstmisc.sty 2023/02/27 1.9 (Carsten Heinz)
\lst@WFtoken=\toks24
\lst@WF=\write3
\c@lstnumber=\count292
\lst@skipnumbers=\count293
\lst@framebox=\box54
)
(C:\Users\maddi\AppData\Local\Programs\MiKTeX\tex/latex/listings\listings.cfg
File: listings.cfg 2023/02/27 1.9 listings configuration
))
Package: listings 2023/02/27 1.9 (Carsten Heinz)
(C:\Users\maddi\AppData\Local\Programs\MiKTeX\tex/latex/fancyvrb\fancyvrb.sty
Package: fancyvrb 2024/01/20 4.5c verbatim text (tvz,hv)
\FV@CodeLineNo=\count294
\FV@InFile=\read2
\FV@TabBox=\box55
\c@FancyVerbLine=\count295
\FV@StepNumber=\count296
\FV@OutFile=\write4
)

C:\Users\maddi\AppData\Local\Programs\MiKTeX\tex/latex/listings\lstdoc.sty:29: 
LaTeX Error: Option clash for package hyperref.

See the LaTeX manual or LaTeX Companion for explanation.
Type  H <return>  for immediate help.
 ...                                              
                                                  
l.29 ...\RequirePackage[colorlinks]{hyperref}\else
                                                  
The package hyperref has already been loaded with options:
  []
There has now been an attempt to load it with options
  [colorlinks]
Adding the global options:
  ,colorlinks
to your \documentclass declaration may fix this.
Try typing  <return>  to proceed.

(C:\Users\maddi\AppData\Local\Programs\MiKTeX\tex/latex/graphics\color.sty
Package: color 2022/01/06 v1.3d Standard LaTeX Color (DPC)

(C:\Users\maddi\AppData\Local\Programs\MiKTeX\tex/latex/graphics-cfg\color.cfg
File: color.cfg 2016/01/02 v1.6 sample color configuration
)
Package color Info: Driver file: pdftex.def on input line 149.
(C:\Users\maddi\AppData\Local\Programs\MiKTeX\tex/latex/graphics\mathcolor.ltx)
)
(C:\Users\maddi\AppData\Local\Programs\MiKTeX\tex/latex/algorithms\algorithmic.
sty
Package: algorithmic 2009/08/24 v0.1 Document Style `algorithmic'
 (C:\Users\maddi\AppData\Local\Programs\MiKTeX\tex/latex/base\ifthen.sty
Package: ifthen 2022/04/13 v1.1d Standard LaTeX ifthen package (DPC)
)
\c@ALC@unique=\count297
\c@ALC@line=\count298
\c@ALC@rem=\count299
\c@ALC@depth=\count300
\ALC@tlm=\skip57
\algorithmicindent=\skip58
)
\c@argcount=\count301
\lst@samplebox=\box56
)
(C:\Users\maddi\AppData\Local\Programs\MiKTeX\tex/latex/l3backend\l3backend-pdf
tex.def
File: l3backend-pdftex.def 2024-01-04 L3 backend support: PDF output (pdfTeX)
\l__color_backend_stack_int=\count302
\l__pdf_internal_box=\box57
) (E:/IdeaProjects\PenAndPapARGDD\auxil\PenAndPapAR.aux)
\openout1 = `PenAndPapAR.aux'.

LaTeX Font Info:    Checking defaults for OML/cmm/m/it on input line 17.
LaTeX Font Info:    ... okay on input line 17.
LaTeX Font Info:    Checking defaults for OMS/cmsy/m/n on input line 17.
LaTeX Font Info:    ... okay on input line 17.
LaTeX Font Info:    Checking defaults for OT1/cmr/m/n on input line 17.
LaTeX Font Info:    ... okay on input line 17.
LaTeX Font Info:    Checking defaults for T1/cmr/m/n on input line 17.
LaTeX Font Info:    ... okay on input line 17.
LaTeX Font Info:    Checking defaults for TS1/cmr/m/n on input line 17.
LaTeX Font Info:    ... okay on input line 17.
LaTeX Font Info:    Checking defaults for OMX/cmex/m/n on input line 17.
LaTeX Font Info:    ... okay on input line 17.
LaTeX Font Info:    Checking defaults for U/cmr/m/n on input line 17.
LaTeX Font Info:    ... okay on input line 17.
LaTeX Font Info:    Checking defaults for PD1/pdf/m/n on input line 17.
LaTeX Font Info:    ... okay on input line 17.
LaTeX Font Info:    Checking defaults for PU/pdf/m/n on input line 17.
LaTeX Font Info:    ... okay on input line 17.

(C:\Users\maddi\AppData\Local\Programs\MiKTeX\tex/context/base/mkii\supp-pdf.mk
ii
[Loading MPS to PDF converter (version 2006.09.02).]
\scratchcounter=\count303
\scratchdimen=\dimen160
\scratchbox=\box58
\nofMPsegments=\count304
\nofMParguments=\count305
\everyMPshowfont=\toks25
\MPscratchCnt=\count306
\MPscratchDim=\dimen161
\MPnumerator=\count307
\makeMPintoPDFobject=\count308
\everyMPtoPDFconversion=\toks26
)
(C:\Users\maddi\AppData\Local\Programs\MiKTeX\tex/latex/epstopdf-pkg\epstopdf-b
ase.sty
Package: epstopdf-base 2020-01-24 v2.11 Base part for package epstopdf
Package epstopdf-base Info: Redefining graphics rule for `.eps' on input line 4
85.

(C:\Users\maddi\AppData\Local\Programs\MiKTeX\tex/latex/00miktex\epstopdf-sys.c
fg
File: epstopdf-sys.cfg 2021/03/18 v2.0 Configuration of epstopdf for MiKTeX
))
Package hyperref Info: Link coloring OFF on input line 17.
 (E:/IdeaProjects\PenAndPapARGDD\auxil\PenAndPapAR.out)
(E:/IdeaProjects\PenAndPapARGDD\auxil\PenAndPapAR.out)
\@outlinefile=\write5
\openout5 = `PenAndPapAR.out'.

\c@lstlisting=\count309

Overfull \hbox (57.60277pt too wide) in paragraph at lines 23--23
 [] 
 []

[1

{C:/Users/maddi/AppData/Local/MiKTeX/fonts/map/pdftex/pdftex.map}]
(E:/IdeaProjects\PenAndPapARGDD\auxil\PenAndPapAR.toc)
\tf@toc=\write6
\openout6 = `PenAndPapAR.toc'.

 [2]
(Inhalt/entwicklung.tex [3] [4] [5]

Inhalt/entwicklung.tex:143: LaTeX Error: Lonely \item--perhaps a missing list e
nvironment.

See the LaTeX manual or LaTeX Companion for explanation.
Type  H <return>  for immediate help.
 ...                                              
                                                  
l.143 
      
Try typing  <return>  to proceed.
If that doesn't work, type  X <return>  to quit.


Underfull \hbox (badness 10000) detected at line 143
[][]
 []

) (Inhalt/idee.tex
Overfull \hbox (5.76587pt too wide) in paragraph at lines 8--16
\OT1/cmr/m/n/10.95 beizube-hal-ten. Genauso wichtig ist es den Spiel-ern nichts
 Dig-i-tales aufzuzwin-
 []

[6]
Inhalt/idee.tex:56: Undefined control sequence.
l.56 ...mente des Pen\&Papers zu digitalisieren.\n
                                                  
The control sequence at the end of the top line
of your error message was never \def'ed. If you have
misspelled it (e.g., `\hobx'), type `I' and the correct
spelling (e.g., `I\hbox'). Otherwise just continue,
and I'll forget about whatever was undefined.

) [7] (Inhalt/gameplay.tex
Overfull \hbox (13.63878pt too wide) in paragraph at lines 17--20
\OT1/cmr/m/n/10.95 eingef^^?ugt wer-den oder unter No-ti-zen notiert wer-den, d
a ak-tuell keine Oberfl^^?ache
 []

[8] [9]) (Inhalt/systems.tex
Underfull \hbox (badness 10000) in paragraph at lines 8--14

 []


Underfull \hbox (badness 10000) in paragraph at lines 15--20

 []

) [10] (Inhalt/zielgruppe.tex)
Overfull \hbox (1.6546pt too wide) in paragraph at lines 14--42
\OT1/cmr/m/n/10.95 kreativen Freigeis-tern auch nicht die M^^?oglichkeit weg-ne
hmen, ihre kreativit^^?at
 []

(Inhalt/grafik_und_sound.tex [11]
Overfull \hbox (13.18758pt too wide) in paragraph at lines 7--9
\OT1/cmr/m/n/10.95 Spiel ver-wen-det wer-den. F^^?ur jede Grafik wird das entsp
rechende Bild angezeigt,
 []


Inhalt/grafik_und_sound.tex:14: LaTeX Error: Environment longtable undefined.

See the LaTeX manual or LaTeX Companion for explanation.
Type  H <return>  for immediate help.
 ...                                              
                                                  
l.14 \begin{longtable}
                      {|p{4cm}|p{10cm}|}
Your command was ignored.
Type  I <command> <return>  to replace it with another command,
or  <return>  to continue without it.

Inhalt/grafik_und_sound.tex:15: Misplaced \noalign.
\hline ->\noalign 
                  {\ifnum 0=`}\fi \hrule \@height \arrayrulewidth \futurelet...
l.15 \hline
           
I expect to see \noalign only after the \cr of
an alignment. Proceed, and I'll ignore this case.


Underfull \hbox (badness 10000) in paragraph at lines 10--15

 []

<../images/Conditions/blinded.png, id=194, 100.375pt x 100.375pt>
File: ../images/Conditions/blinded.png Graphic file (type png)
<use ../images/Conditions/blinded.png>
Package pdftex.def Info: ../images/Conditions/blinded.png  used on input line 1
7.
(pdftex.def)             Requested size: 56.9055pt x 56.90648pt.
Inhalt/grafik_und_sound.tex:17: Misplaced alignment tab character &.
l.17 ...h=2cm]{../images/Conditions/blinded.png} &
                                                  
I can't figure out why you would want to use a tab mark
here. If you just want an ampersand, the remedy is
simple: Just type `I\&' now. But if some right brace
up above has ended a previous alignment prematurely,
you're probably due for more error messages, and you
might try typing `S' now just to see what is salvageable.

Inhalt/grafik_und_sound.tex:20: Misplaced \noalign.
\hline ->\noalign 
                  {\ifnum 0=`}\fi \hrule \@height \arrayrulewidth \futurelet...
l.20 \hline
           
I expect to see \noalign only after the \cr of
an alignment. Proceed, and I'll ignore this case.


Overfull \hbox (14.18645pt too wide) in paragraph at lines 17--20
[][]  \OT1/cmr/bx/n/10.95 Blinded: \OT1/cmr/m/n/10.95 Der Zu-s-tand eines geble
nde-ten Charak-ters, wodurch
 []

<../images/Conditions/poisoned.png, id=195, 100.375pt x 100.375pt>
File: ../images/Conditions/poisoned.png Graphic file (type png)
<use ../images/Conditions/poisoned.png>
Package pdftex.def Info: ../images/Conditions/poisoned.png  used on input line 
22.
(pdftex.def)             Requested size: 56.9055pt x 56.90648pt.
Inhalt/grafik_und_sound.tex:22: Misplaced alignment tab character &.
l.22 ...=2cm]{../images/Conditions/poisoned.png} &
                                                  
I can't figure out why you would want to use a tab mark
here. If you just want an ampersand, the remedy is
simple: Just type `I\&' now. But if some right brace
up above has ended a previous alignment prematurely,
you're probably due for more error messages, and you
might try typing `S' now just to see what is salvageable.

Inhalt/grafik_und_sound.tex:25: Misplaced \noalign.
\hline ->\noalign 
                  {\ifnum 0=`}\fi \hrule \@height \arrayrulewidth \futurelet...
l.25 \hline
           
I expect to see \noalign only after the \cr of
an alignment. Proceed, and I'll ignore this case.

<../images/Conditions/restrained.png, id=197, 100.375pt x 100.375pt>
File: ../images/Conditions/restrained.png Graphic file (type png)
<use ../images/Conditions/restrained.png>
Package pdftex.def Info: ../images/Conditions/restrained.png  used on input lin
e 27.
(pdftex.def)             Requested size: 56.9055pt x 56.90648pt.
Inhalt/grafik_und_sound.tex:27: Misplaced alignment tab character &.
l.27 ...cm]{../images/Conditions/restrained.png} &
                                                  
I can't figure out why you would want to use a tab mark
here. If you just want an ampersand, the remedy is
simple: Just type `I\&' now. But if some right brace
up above has ended a previous alignment prematurely,
you're probably due for more error messages, and you
might try typing `S' now just to see what is salvageable.

Inhalt/grafik_und_sound.tex:30: Misplaced \noalign.
\hline ->\noalign 
                  {\ifnum 0=`}\fi \hrule \@height \arrayrulewidth \futurelet...
l.30 \hline
           
I expect to see \noalign only after the \cr of
an alignment. Proceed, and I'll ignore this case.

<../images/Conditions/exhaustion.png, id=198, 100.375pt x 100.375pt>
File: ../images/Conditions/exhaustion.png Graphic file (type png)
<use ../images/Conditions/exhaustion.png>
Package pdftex.def Info: ../images/Conditions/exhaustion.png  used on input lin
e 32.
(pdftex.def)             Requested size: 56.9055pt x 56.90648pt.
Inhalt/grafik_und_sound.tex:32: Misplaced alignment tab character &.
l.32 ...cm]{../images/Conditions/exhaustion.png} &
                                                  
I can't figure out why you would want to use a tab mark
here. If you just want an ampersand, the remedy is
simple: Just type `I\&' now. But if some right brace
up above has ended a previous alignment prematurely,
you're probably due for more error messages, and you
might try typing `S' now just to see what is salvageable.

Inhalt/grafik_und_sound.tex:35: Misplaced \noalign.
\hline ->\noalign 
                  {\ifnum 0=`}\fi \hrule \@height \arrayrulewidth \futurelet...
l.35 \hline
           
I expect to see \noalign only after the \cr of
an alignment. Proceed, and I'll ignore this case.


Overfull \hbox (39.2951pt too wide) in paragraph at lines 32--35
\OT1/cmr/m/n/10.95 Beeintr^^?achtigung mehrerer Werte schrit-tweise geschw^^?ac
ht wird (z.B. Geschwindigkeit
 []

[12 <../images/Conditions/blinded.png> <../images/Conditions/poisoned.png> <../
images/Conditions/restrained.png>]
<../images/Conditions/frightened.png, id=206, 100.375pt x 100.375pt>
File: ../images/Conditions/frightened.png Graphic file (type png)
<use ../images/Conditions/frightened.png>
Package pdftex.def Info: ../images/Conditions/frightened.png  used on input lin
e 37.
(pdftex.def)             Requested size: 56.9055pt x 56.90648pt.

Inhalt/grafik_und_sound.tex:37: Misplaced alignment tab character &.
l.37 ...cm]{../images/Conditions/frightened.png} &
                                                   \textbf{Frightened:} Dies...
I can't figure out why you would want to use a tab mark
here. If you just want an ampersand, the remedy is
simple: Just type `I\&' now. But if some right brace
up above has ended a previous alignment prematurely,
you're probably due for more error messages, and you
might try typing `S' now just to see what is salvageable.


Overfull \hbox (11.05333pt too wide) in paragraph at lines 37--39
\OT1/cmr/m/n/10.95 Charak-ters, wodurch seine Be-we-gungs-frei-heit und sein Ve
r-hal-ten eingeschr^^?ankt
 []

<../images/Conditions/grappled.png, id=207, 100.375pt x 100.375pt>
File: ../images/Conditions/grappled.png Graphic file (type png)
<use ../images/Conditions/grappled.png>
Package pdftex.def Info: ../images/Conditions/grappled.png  used on input line 
41.
(pdftex.def)             Requested size: 56.9055pt x 56.90648pt.
Inhalt/grafik_und_sound.tex:41: Misplaced alignment tab character &.
l.41 ...=2cm]{../images/Conditions/grappled.png} &
                                                  
I can't figure out why you would want to use a tab mark
here. If you just want an ampersand, the remedy is
simple: Just type `I\&' now. But if some right brace
up above has ended a previous alignment prematurely,
you're probably due for more error messages, and you
might try typing `S' now just to see what is salvageable.

Inhalt/grafik_und_sound.tex:44: Misplaced \noalign.
\hline ->\noalign 
                  {\ifnum 0=`}\fi \hrule \@height \arrayrulewidth \futurelet...
l.44 \hline
           
I expect to see \noalign only after the \cr of
an alignment. Proceed, and I'll ignore this case.


Overfull \hbox (0.6738pt too wide) in paragraph at lines 41--44
[][]  \OT1/cmr/bx/n/10.95 Grap-pled: \OT1/cmr/m/n/10.95 Der Zu-s-tand zeigt ein
en fest-ge-hal-te-nen Charak-
 []


Underfull \hbox (badness 10000) in paragraph at lines 41--44

 []

<../images/Conditions/charmed.png, id=208, 100.375pt x 100.375pt>
File: ../images/Conditions/charmed.png Graphic file (type png)
<use ../images/Conditions/charmed.png>
Package pdftex.def Info: ../images/Conditions/charmed.png  used on input line 4
6.
(pdftex.def)             Requested size: 56.9055pt x 56.90648pt.
Inhalt/grafik_und_sound.tex:46: Misplaced alignment tab character &.
l.46 ...h=2cm]{../images/Conditions/charmed.png} &
                                                  
I can't figure out why you would want to use a tab mark
here. If you just want an ampersand, the remedy is
simple: Just type `I\&' now. But if some right brace
up above has ended a previous alignment prematurely,
you're probably due for more error messages, and you
might try typing `S' now just to see what is salvageable.

Inhalt/grafik_und_sound.tex:49: Misplaced \noalign.
\hline ->\noalign 
                  {\ifnum 0=`}\fi \hrule \@height \arrayrulewidth \futurelet...
l.49 \hline
           
I expect to see \noalign only after the \cr of
an alignment. Proceed, and I'll ignore this case.


Underfull \hbox (badness 10000) in paragraph at lines 46--49

 []

<../images/Conditions/paralyzed.png, id=209, 100.375pt x 100.375pt>
File: ../images/Conditions/paralyzed.png Graphic file (type png)
<use ../images/Conditions/paralyzed.png>
Package pdftex.def Info: ../images/Conditions/paralyzed.png  used on input line
 51.
(pdftex.def)             Requested size: 56.9055pt x 56.90648pt.
Inhalt/grafik_und_sound.tex:51: Misplaced alignment tab character &.
l.51 ...2cm]{../images/Conditions/paralyzed.png} &
                                                  
I can't figure out why you would want to use a tab mark
here. If you just want an ampersand, the remedy is
simple: Just type `I\&' now. But if some right brace
up above has ended a previous alignment prematurely,
you're probably due for more error messages, and you
might try typing `S' now just to see what is salvageable.

Inhalt/grafik_und_sound.tex:53: Misplaced \noalign.
\hline ->\noalign 
                  {\ifnum 0=`}\fi \hrule \@height \arrayrulewidth \futurelet...
l.53 \hline
           
I expect to see \noalign only after the \cr of
an alignment. Proceed, and I'll ignore this case.

<../images/Conditions/invisible.png, id=210, 100.375pt x 100.375pt>
File: ../images/Conditions/invisible.png Graphic file (type png)
<use ../images/Conditions/invisible.png>
Package pdftex.def Info: ../images/Conditions/invisible.png  used on input line
 55.
(pdftex.def)             Requested size: 56.9055pt x 56.90648pt.
Inhalt/grafik_und_sound.tex:55: Misplaced alignment tab character &.
l.55 ...2cm]{../images/Conditions/invisible.png} &
                                                  
I can't figure out why you would want to use a tab mark
here. If you just want an ampersand, the remedy is
simple: Just type `I\&' now. But if some right brace
up above has ended a previous alignment prematurely,
you're probably due for more error messages, and you
might try typing `S' now just to see what is salvageable.

Inhalt/grafik_und_sound.tex:58: Misplaced \noalign.
\hline ->\noalign 
                  {\ifnum 0=`}\fi \hrule \@height \arrayrulewidth \futurelet...
l.58 \hline
           
I expect to see \noalign only after the \cr of
an alignment. Proceed, and I'll ignore this case.

<../images/Conditions/deafened.png, id=211, 100.375pt x 100.375pt>
File: ../images/Conditions/deafened.png Graphic file (type png)
<use ../images/Conditions/deafened.png>
Package pdftex.def Info: ../images/Conditions/deafened.png  used on input line 
60.
(pdftex.def)             Requested size: 56.9055pt x 56.90648pt.
Inhalt/grafik_und_sound.tex:60: Misplaced alignment tab character &.
l.60 ...=2cm]{../images/Conditions/deafened.png} &
                                                  
I can't figure out why you would want to use a tab mark
here. If you just want an ampersand, the remedy is
simple: Just type `I\&' now. But if some right brace
up above has ended a previous alignment prematurely,
you're probably due for more error messages, and you
might try typing `S' now just to see what is salvageable.

Inhalt/grafik_und_sound.tex:62: Misplaced \noalign.
\hline ->\noalign 
                  {\ifnum 0=`}\fi \hrule \@height \arrayrulewidth \futurelet...
l.62 \hline
           
I expect to see \noalign only after the \cr of
an alignment. Proceed, and I'll ignore this case.

[13 <../images/Conditions/exhaustion.png> <../images/Conditions/frightened.png>
 <../images/Conditions/grappled.png> <../images/Conditions/charmed.png> <../ima
ges/Conditions/paralyzed.png> <../images/Conditions/invisible.png>]
<../images/Conditions/unconscious.png, id=223, 100.375pt x 100.375pt>
File: ../images/Conditions/unconscious.png Graphic file (type png)
<use ../images/Conditions/unconscious.png>
Package pdftex.def Info: ../images/Conditions/unconscious.png  used on input li
ne 64.
(pdftex.def)             Requested size: 56.9055pt x 56.90648pt.

Inhalt/grafik_und_sound.tex:64: Misplaced alignment tab character &.
l.64 ...m]{../images/Conditions/unconscious.png} &
                                                  
I can't figure out why you would want to use a tab mark
here. If you just want an ampersand, the remedy is
simple: Just type `I\&' now. But if some right brace
up above has ended a previous alignment prematurely,
you're probably due for more error messages, and you
might try typing `S' now just to see what is salvageable.

Inhalt/grafik_und_sound.tex:66: Misplaced \noalign.
\hline ->\noalign 
                  {\ifnum 0=`}\fi \hrule \@height \arrayrulewidth \futurelet...
l.66 \hline
           
I expect to see \noalign only after the \cr of
an alignment. Proceed, and I'll ignore this case.


Overfull \hbox (5.69548pt too wide) in paragraph at lines 64--66
[][]  \OT1/cmr/bx/n/10.95 Un-con-scious: \OT1/cmr/m/n/10.95 Ein be-wusst-loser 
Charak-ter ist kamp-funf^^?ahig
 []

<../images/Conditions/incapacitated.png, id=224, 100.375pt x 100.375pt>
File: ../images/Conditions/incapacitated.png Graphic file (type png)
<use ../images/Conditions/incapacitated.png>
Package pdftex.def Info: ../images/Conditions/incapacitated.png  used on input 
line 68.
(pdftex.def)             Requested size: 56.9055pt x 56.90648pt.
Inhalt/grafik_und_sound.tex:68: Misplaced alignment tab character &.
l.68 ...{../images/Conditions/incapacitated.png} &
                                                  
I can't figure out why you would want to use a tab mark
here. If you just want an ampersand, the remedy is
simple: Just type `I\&' now. But if some right brace
up above has ended a previous alignment prematurely,
you're probably due for more error messages, and you
might try typing `S' now just to see what is salvageable.

<../images/Conditions/prone.png, id=225, 100.375pt x 100.375pt>
File: ../images/Conditions/prone.png Graphic file (type png)
<use ../images/Conditions/prone.png>
Package pdftex.def Info: ../images/Conditions/prone.png  used on input line 72.

(pdftex.def)             Requested size: 56.9055pt x 56.90648pt.
Inhalt/grafik_und_sound.tex:72: Misplaced alignment tab character &.
l.72 ...dth=2cm]{../images/Conditions/prone.png} &
                                                  
I can't figure out why you would want to use a tab mark
here. If you just want an ampersand, the remedy is
simple: Just type `I\&' now. But if some right brace
up above has ended a previous alignment prematurely,
you're probably due for more error messages, and you
might try typing `S' now just to see what is salvageable.

Inhalt/grafik_und_sound.tex:75: Misplaced \noalign.
\hline ->\noalign 
                  {\ifnum 0=`}\fi \hrule \@height \arrayrulewidth \futurelet...
l.75 \hline
           
I expect to see \noalign only after the \cr of
an alignment. Proceed, and I'll ignore this case.

<../images/Conditions/stunned.png, id=226, 100.375pt x 100.375pt>
File: ../images/Conditions/stunned.png Graphic file (type png)
<use ../images/Conditions/stunned.png>
Package pdftex.def Info: ../images/Conditions/stunned.png  used on input line 7
7.
(pdftex.def)             Requested size: 56.9055pt x 56.90648pt.
Inhalt/grafik_und_sound.tex:77: Misplaced alignment tab character &.
l.77 ...h=2cm]{../images/Conditions/stunned.png} &
                                                  
I can't figure out why you would want to use a tab mark
here. If you just want an ampersand, the remedy is
simple: Just type `I\&' now. But if some right brace
up above has ended a previous alignment prematurely,
you're probably due for more error messages, and you
might try typing `S' now just to see what is salvageable.

Inhalt/grafik_und_sound.tex:79: Misplaced \noalign.
\hline ->\noalign 
                  {\ifnum 0=`}\fi \hrule \@height \arrayrulewidth \futurelet...
l.79 \hline
           
I expect to see \noalign only after the \cr of
an alignment. Proceed, and I'll ignore this case.

<../images/Conditions/initiative.png, id=227, 100.375pt x 100.375pt>
File: ../images/Conditions/initiative.png Graphic file (type png)
<use ../images/Conditions/initiative.png>
Package pdftex.def Info: ../images/Conditions/initiative.png  used on input lin
e 81.
(pdftex.def)             Requested size: 56.9055pt x 56.90648pt.
Inhalt/grafik_und_sound.tex:81: Misplaced alignment tab character &.
l.81 ...cm]{../images/Conditions/initiative.png} &
                                                  
I can't figure out why you would want to use a tab mark
here. If you just want an ampersand, the remedy is
simple: Just type `I\&' now. But if some right brace
up above has ended a previous alignment prematurely,
you're probably due for more error messages, and you
might try typing `S' now just to see what is salvageable.

Inhalt/grafik_und_sound.tex:83: Misplaced \noalign.
\hline ->\noalign 
                  {\ifnum 0=`}\fi \hrule \@height \arrayrulewidth \futurelet...
l.83 \hline
           
I expect to see \noalign only after the \cr of
an alignment. Proceed, and I'll ignore this case.


Inhalt/grafik_und_sound.tex:85: LaTeX Error: \begin{document} ended by \end{lon
gtable}.

See the LaTeX manual or LaTeX Companion for explanation.
Type  H <return>  for immediate help.
 ...                                              
                                                  
l.85 \end{longtable}
                    
Your command was ignored.
Type  I <command> <return>  to replace it with another command,
or  <return>  to continue without it.

) (Inhalt/finanzierung.tex

Inhalt/finanzierung.tex:1: LaTeX Error: Can be used only in preamble.

See the LaTeX manual or LaTeX Companion for explanation.
Type  H <return>  for immediate help.
 ...                                              
                                                  
l.1 \usepackage
               {eurosym}Das gesamte Projekt hat nicht das große Geld oder g...

Your command was ignored.
Type  I <command> <return>  to replace it with another command,
or  <return>  to continue without it.

[14 <../images/Conditions/deafened.png> <../images/Conditions/unconscious.png> 
<../images/Conditions/incapacitated.png> <../images/Conditions/prone.png> <../i
mages/Conditions/stunned.png> <../images/Conditions/initiative.png>]) [15]
(E:/IdeaProjects\PenAndPapARGDD\auxil\PenAndPapAR.aux)
 ***********
LaTeX2e <2023-11-01> patch level 1
L3 programming layer <2024-02-13>
 ***********
Package rerunfilecheck Info: File `PenAndPapAR.out' has not changed.
(rerunfilecheck)             Checksum: BDCF123EA7251A8E3FCED01CF4DEB91E;3635.
 ) 
Here is how much of TeX's memory you used:
 11518 strings out of 474462
 181607 string characters out of 5742883
 1934998 words of memory out of 5000000
 33636 multiletter control sequences out of 15000+600000
 564825 words of font info for 59 fonts, out of 8000000 for 9000
 1141 hyphenation exceptions out of 8191
 75i,6n,79p,327b,572s stack positions out of 10000i,1000n,20000p,200000b,200000s
 <C:\Users\maddi\AppData\Local\MiKTeX\fonts/pk/ljfour/jknappen/ec/dpi600\tcrm
1095.pk><C:/Users/maddi/AppData/Local/Programs/MiKTeX/fonts/type1/public/amsfon
ts/cm/cmbx10.pfb><C:/Users/maddi/AppData/Local/Programs/MiKTeX/fonts/type1/publ
ic/amsfonts/cm/cmbx12.pfb><C:/Users/maddi/AppData/Local/Programs/MiKTeX/fonts/t
ype1/public/amsfonts/cm/cmr10.pfb><C:/Users/maddi/AppData/Local/Programs/MiKTeX
/fonts/type1/public/amsfonts/cm/cmr12.pfb><C:/Users/maddi/AppData/Local/Program
s/MiKTeX/fonts/type1/public/amsfonts/cm/cmr17.pfb><C:/Users/maddi/AppData/Local
/Programs/MiKTeX/fonts/type1/public/amsfonts/cm/cmti10.pfb>
Output written on E:/IdeaProjects\PenAndPapARGDD\GameDesignDocument\PenAndPapAR
.pdf (15 pages, 186869 bytes).
PDF statistics:
 286 PDF objects out of 1000 (max. 8388607)
 44 named destinations out of 1000 (max. 500000)
 292 words of extra memory for PDF output out of 10000 (max. 10000000)

